[Found] 188 subfolders

[Processing package folder] prototype-pollution/101_1.0.0
[Saved] JSON_pp_keyinstanceExtractor/101@1.0.0_CVE-2021-25943.json

[Processing package folder] prototype-pollution/Proto_1.1.4
[Saved] JSON_pp_keyinstanceExtractor/Proto@1.1.4_CVE-2021-23426.json

[Processing package folder] prototype-pollution/Templ8_0.7.0
[keyInstance] [❌] 함수 호출 정보가 충분하지 않음
[Saved] JSON_pp_keyinstanceExtractor/Templ8@0.7.0_CVE-2020-7702.json

[Processing package folder] prototype-pollution/algoliasearch-helper_3.6.0
[Saved] JSON_pp_keyinstanceExtractor/algoliasearch-helper@3.6.0_CVE-2021-23433.json

[Processing package folder] prototype-pollution/arr-flatten-unflatten_1.1.4
[Saved] JSON_pp_keyinstanceExtractor/arr-flatten-unflatten@1.1.4_CVE-2020-7713.json

[Processing package folder] prototype-pollution/asciitable.js_1.0.2
[Saved] JSON_pp_keyinstanceExtractor/asciitable.js@1.0.2_CVE-2020-7771.json

[Processing package folder] prototype-pollution/assign-deep_1.0.0
[Saved] JSON_pp_keyinstanceExtractor/assign-deep@1.0.0_CVE-2019-10745.json

[Processing package folder] prototype-pollution/aurelia-path_1.1.7
[Saved] JSON_pp_keyinstanceExtractor/aurelia-path@1.1.0_CVE-2021-41097.json

[Processing package folder] prototype-pollution/aws-sdk-shared-ini-file-loader_1.0.0-rc.8
[Saved] JSON_pp_keyinstanceExtractor/_aws-sdk_shared-ini-file-loader@1.0.0-rc.8_CVE-2020-28472.json

[Processing package folder] prototype-pollution/bmoor_0.8.11
[Saved] JSON_pp_keyinstanceExtractor/bmoor@0.8.11_CVE-2020-7736.json

[Processing package folder] prototype-pollution/bodymen_1.0.0
[Saved] JSON_pp_keyinstanceExtractor/bodymen@1.0.0_CVE-2019-10792.json

[Processing package folder] prototype-pollution/brikcss-merge_1.3.0
[Saved] JSON_pp_keyinstanceExtractor/_brikcss_merge@1.3.0_.json

[Processing package folder] prototype-pollution/cached-path-relative_1.0.1
[Saved] JSON_pp_keyinstanceExtractor/cached-path-relative@1.0.1_CVE-2018-16472.json

[Processing package folder] prototype-pollution/changeset_0.1.0
[Saved] JSON_pp_keyinstanceExtractor/changeset@0.1.0_CVE-2021-25915.json

[Processing package folder] prototype-pollution/class-transformer_0.1.1
[Saved] JSON_pp_keyinstanceExtractor/class-transformer@0.1.1_CVE-2020-7637.json

[Processing package folder] prototype-pollution/component-flatten_1.0.1
[Saved] JSON_pp_keyinstanceExtractor/component-flatten@1.0.1_CVE-2019-10794.json

[Processing package folder] prototype-pollution/confinit_0.3.0
[Saved] JSON_pp_keyinstanceExtractor/confinit@0.3.0_CVE-2020-7638.json

[Processing package folder] prototype-pollution/confucious_0.0.12
[Saved] JSON_pp_keyinstanceExtractor/confucious@0.0.12_CVE-2020-7714.json

[Processing package folder] prototype-pollution/connie_0.1.0
[Saved] JSON_pp_keyinstanceExtractor/connie@0.1.0_CVE-2020-7706.json

[Processing package folder] prototype-pollution/controlled-merge_1.0.0
[Saved] JSON_pp_keyinstanceExtractor/controlled-merge@1.0.0_CVE-2020-28268.json

[Processing package folder] prototype-pollution/convict_6.0.0
[Saved] JSON_pp_keyinstanceExtractor/convict@6.0.0_.json

[Processing package folder] prototype-pollution/cookiex-deep_0.0.6
[Saved] JSON_pp_keyinstanceExtractor/_cookiex_deep@0.0.6_CVE-2021-23442.json

[Processing package folder] prototype-pollution/copy-props_2.0.4
[Saved] JSON_pp_keyinstanceExtractor/copy-props@2.0.4_CVE-2020-28503.json

[Processing package folder] prototype-pollution/deap_1.0.0
[Saved] JSON_pp_keyinstanceExtractor/deap@1.0.0_CVE-2018-3749.json

[Processing package folder] prototype-pollution/decal_2.0.0
[Saved] JSON_pp_keyinstanceExtractor/decal@2.0.0_CVE-2020-28449.json

[Processing package folder] prototype-pollution/decal_2.1.3
[Saved] JSON_pp_keyinstanceExtractor/decal@2.1.3_CVE-2020-28450.json

[Processing package folder] prototype-pollution/deep-defaults_1.0.5
[Saved] JSON_pp_keyinstanceExtractor/deep-defaults@1.0.5_CVE-2021-25944.json

[Processing package folder] prototype-pollution/deep-extend_0.5.0
[Saved] JSON_pp_keyinstanceExtractor/deep-extend@0.5.0_CVE-2018-3750.json

[Processing package folder] prototype-pollution/deep-get-set_1.1.0
[Saved] JSON_pp_keyinstanceExtractor/deep-get-set@1.1.0_CVE-2020-7715.json

[Processing package folder] prototype-pollution/deep-override_1.0.0
[Saved] JSON_pp_keyinstanceExtractor/deep-override@1.0.0_CVE-2021-25941.json

[Processing package folder] prototype-pollution/deep-set_1.0.0
[Saved] JSON_pp_keyinstanceExtractor/deep-set@1.0.0_CVE-2020-28276.json

[Processing package folder] prototype-pollution/deephas_1.0.5
[Saved] JSON_pp_keyinstanceExtractor/deephas@1.0.5_CVE-2020-28271.json

[Processing package folder] prototype-pollution/deeply_3.0.0
[Saved] JSON_pp_keyinstanceExtractor/deeply@3.0.0_CVE-2019-10750.json

[Processing package folder] prototype-pollution/deepmergefn_1.1.0
[Saved] JSON_pp_keyinstanceExtractor/deepmergefn@1.1.0_CVE-2021-23417.json

[Processing package folder] prototype-pollution/deepref_1.1.1
[Saved] JSON_pp_keyinstanceExtractor/deepref@1.1.1_CVE-2020-28274.json

[Processing package folder] prototype-pollution/deeps_1.4.5
[Saved] JSON_pp_keyinstanceExtractor/deeps@1.4.5_CVE-2020-7716.json

[Processing package folder] prototype-pollution/defaults-deep_0.2.0
[Saved] JSON_pp_keyinstanceExtractor/defaults-deep@0.2.0_CVE-2018-3723.json

[Processing package folder] prototype-pollution/defaults-deep_0.2.4
[Saved] JSON_pp_keyinstanceExtractor/defaults-deep@0.2.4_CVE-2018-16486.json

[Processing package folder] prototype-pollution/doc-path_2.0.0
[Saved] JSON_pp_keyinstanceExtractor/doc-path@2.0.0_CVE-2020-7772.json

[Processing package folder] prototype-pollution/dot-notes_3.2.0
[Saved] JSON_pp_keyinstanceExtractor/dot-notes@3.2.0_CVE-2020-7717.json

[Processing package folder] prototype-pollution/dot-object_2.1.2
[Saved] JSON_pp_keyinstanceExtractor/dot-object@2.1.2_CVE-2019-10793.json

[Processing package folder] prototype-pollution/dot-prop_2.0.0
[Saved] JSON_pp_keyinstanceExtractor/dot-prop@2.0.0_CVE-2020-8116.json

[Processing package folder] prototype-pollution/dotty_0.0.1
[Saved] JSON_pp_keyinstanceExtractor/dotty@0.0.1_CVE-2021-23624.json

[Processing package folder] prototype-pollution/dset_1.0.0
[Saved] JSON_pp_keyinstanceExtractor/dset@1.0.0_CVE-2020-28277.json

[Processing package folder] prototype-pollution/eivifj-dot_1.0.2
[Saved] JSON_pp_keyinstanceExtractor/_eivifj_dot@1.0.2_CVE-2020-7639.json

[Processing package folder] prototype-pollution/eivindfjeldstad-dot_0.0.1
[Saved] JSON_pp_keyinstanceExtractor/eivindfjeldstad-dot@0.0.1_CVE-2020-7639.json

[Processing package folder] prototype-pollution/expand-hash_1.0.1
[Saved] JSON_pp_keyinstanceExtractor/expand-hash@1.0.1_CVE-2021-25948.json

[Processing package folder] prototype-pollution/extend-merge_1.0.5
[Saved] JSON_pp_keyinstanceExtractor/extend-merge@1.0.5_.json

[Processing package folder] prototype-pollution/extend_3.0.1
[Saved] JSON_pp_keyinstanceExtractor/extend@3.0.1_CVE-2018-16492.json

[Processing package folder] prototype-pollution/fabiocaccamo-utils.js_0.17.0
[Saved] JSON_pp_keyinstanceExtractor/_fabiocaccamo_utils.js@0.17.0_CVE-2021-3815.json

[Processing package folder] prototype-pollution/fast-json-patch_2.0.4
[Saved] JSON_pp_keyinstanceExtractor/fast-json-patch@2.0.4_.json

[Processing package folder] prototype-pollution/field_1.0.1
[Saved] JSON_pp_keyinstanceExtractor/field@1.0.1_CVE-2020-28269.json

[Processing package folder] prototype-pollution/firebase-util_0.3.2
[Saved] JSON_pp_keyinstanceExtractor/_firebase_util@0.3.2_CVE-2020-7765.json

[Processing package folder] prototype-pollution/flat-wrap_1.0.2
[Saved] JSON_pp_keyinstanceExtractor/flat-wrap@1.0.2_.json

[Processing package folder] prototype-pollution/flat_5.0.0
[Saved] JSON_pp_keyinstanceExtractor/flat@5.0.0_CVE-2021-25927.json

[Processing package folder] prototype-pollution/flattenizer_0.0.5
[Saved] JSON_pp_keyinstanceExtractor/flattenizer@0.0.5_CVE-2020-28279.json

[Processing package folder] prototype-pollution/fluentui-styles_0.47.15
[Saved] JSON_pp_keyinstanceExtractor/_fluentui_styles@0.47.15_.json

[Processing package folder] prototype-pollution/gammautils_0.0.81
[Saved] JSON_pp_keyinstanceExtractor/gammautils@0.0.81_CVE-2020-7718.json

[Processing package folder] prototype-pollution/gedi_1.6.3
[⚠️  extractKeyInstances 실패] prototype-pollution/gedi_1.6.3/gedi.test.js
No arguments found in the function call
[Saved] JSON_pp_keyinstanceExtractor/gedi@1.6.3_CVE-2020-7727.json

[Processing package folder] prototype-pollution/getobject_0.1.0
[Saved] JSON_pp_keyinstanceExtractor/getobject@0.1.0_CVE-2020-28282.json

[Processing package folder] prototype-pollution/getsetdeep_4.15.0
[Saved] JSON_pp_keyinstanceExtractor/getsetdeep@4.15.0_.json

[Processing package folder] prototype-pollution/grunt-util-property_0.0.2
[Saved] JSON_pp_keyinstanceExtractor/grunt-util-property@0.0.2_CVE-2020-7641.json

[Processing package folder] prototype-pollution/hoek_5.0.0
[Saved] JSON_pp_keyinstanceExtractor/hoek@5.0.0_CVE-2018-3728.json

[Processing package folder] prototype-pollution/i18next_19.7.0
[keyInstance] [❌] 함수 호출 정보가 충분하지 않음
[Saved] JSON_pp_keyinstanceExtractor/i18next@19.7.0_.json

[Processing package folder] prototype-pollution/ianwalter-merge_9.0.1
[Saved] JSON_pp_keyinstanceExtractor/_ianwalter_merge@9.0.1_ CVE-2021-23397.json

[Processing package folder] prototype-pollution/immer_8.0.0
[Saved] JSON_pp_keyinstanceExtractor/immer@8.0.0_CVE-2021-23436.json

[Processing package folder] prototype-pollution/ini-parser_0.0.2
[Saved] JSON_pp_keyinstanceExtractor/ini-parser@0.0.2_CVE-2020-7617.json

[Processing package folder] prototype-pollution/ini_1.3.5
[Saved] JSON_pp_keyinstanceExtractor/ini@1.3.5_CVE-2020-7788.json

[Processing package folder] prototype-pollution/iniparserjs_1.0.4
[Saved] JSON_pp_keyinstanceExtractor/iniparserjs@1.0.4_CVE-2021-23328.json

[Processing package folder] prototype-pollution/inireader_1.0.0
[Saved] JSON_pp_keyinstanceExtractor/inireader@1.0.0_.json

[Processing package folder] prototype-pollution/ion-parser_0.5.2
[Saved] JSON_pp_keyinstanceExtractor/ion-parser@0.5.2_CVE-2020-28462.json

[Processing package folder] prototype-pollution/jointjs_3.4.0
[Saved] JSON_pp_keyinstanceExtractor/jointjs@3.4.0_CVE-2021-23444.json

[Processing package folder] prototype-pollution/jquery_1.11.0
[keyInstance] [❌] 함수 호출 정보가 충분하지 않음
[Saved] JSON_pp_keyinstanceExtractor/jquery@1.11.0_CVE-2019-11358.json

[Processing package folder] prototype-pollution/js-data_3.0.9
[Saved] JSON_pp_keyinstanceExtractor/js-data@3.0.9_CVE-2021-23574.json

[Processing package folder] prototype-pollution/js-extend_0.0.1
[Saved] JSON_pp_keyinstanceExtractor/js-extend@0.0.1_CVE-2021-25945.json

[Processing package folder] prototype-pollution/js-ini_1.2.0
[Saved] JSON_pp_keyinstanceExtractor/js-ini@1.2.0_CVE-2020-28461.json

[Processing package folder] prototype-pollution/json-pointer_0.6.1
[Saved] JSON_pp_keyinstanceExtractor/json-pointer@0.6.1_CVE-2021-23820.json

[Processing package folder] prototype-pollution/json-ptr_1.1.0
[Saved] JSON_pp_keyinstanceExtractor/json-ptr@1.1.0_CVE-2021-23509.json

[Processing package folder] prototype-pollution/json-schema_0.3.0
[Saved] JSON_pp_keyinstanceExtractor/json-schema@0.3.0_CVE-2021-3918.json

[Processing package folder] prototype-pollution/json8-merge-patch_1.0.1
[Saved] JSON_pp_keyinstanceExtractor/json8-merge-patch@1.0.1_CVE-2020-8268.json

[Processing package folder] prototype-pollution/jsonpointer_4.0.0
[Saved] JSON_pp_keyinstanceExtractor/jsonpointer@4.0.0_CVE-2021-23807.json

[Processing package folder] prototype-pollution/just-extend_3.0.0
[Saved] JSON_pp_keyinstanceExtractor/just-extend@3.0.0_CVE-2018-16489.json

[Processing package folder] prototype-pollution/just-safe-set_1.0.0
[Saved] JSON_pp_keyinstanceExtractor/just-safe-set@1.0.0_ CVE-2021-25952.json

[Processing package folder] prototype-pollution/keyd_1.3.4
[Saved] JSON_pp_keyinstanceExtractor/keyd@1.3.4_.json

[Processing package folder] prototype-pollution/keyget_2.2.0
[Saved] JSON_pp_keyinstanceExtractor/keyget@2.2.0_CVE-2020-28272.json

[Processing package folder] prototype-pollution/libnested_1.5.0
[Saved] JSON_pp_keyinstanceExtractor/libnested@1.5.0_CVE-2020-28283.json

[Processing package folder] prototype-pollution/linux-cmdline_1.0.0
[Saved] JSON_pp_keyinstanceExtractor/linux-cmdline@1.0.0_CVE-2020-7704.json

[Processing package folder] prototype-pollution/locutus_2.0.11
[Saved] JSON_pp_keyinstanceExtractor/locutus@2.0.11_CVE-2020-7719.json

[Processing package folder] prototype-pollution/lodash_4.17.10
[Saved] JSON_pp_keyinstanceExtractor/lodash@4.17.10_CVE-2019-10744.json

[Processing package folder] prototype-pollution/lodash_4.17.11
[Saved] JSON_pp_keyinstanceExtractor/lodash@4.17.11_CVE-2020-8203.json

[Processing package folder] prototype-pollution/lodash_4.17.15
[Saved] JSON_pp_keyinstanceExtractor/lodash@4.17.15_CVE-2018-3721 .json

[Processing package folder] prototype-pollution/lodash_4.17.9
[Saved] JSON_pp_keyinstanceExtractor/lodash@4.17.9_CVE-2018-16487.json

[Processing package folder] prototype-pollution/lutils-merge_0.2.6
[Saved] JSON_pp_keyinstanceExtractor/lutils-merge@0.2.6_.json

[Processing package folder] prototype-pollution/lutils_2.4.0
[Saved] JSON_pp_keyinstanceExtractor/lutils@2.4.0_CVE-2021-23396.json

[Processing package folder] prototype-pollution/lyngs-digger_1.0.7
[Saved] JSON_pp_keyinstanceExtractor/_lyngs_digger@1.0.7_.json

[Processing package folder] prototype-pollution/lyngs-merge_1.0.9
[Saved] JSON_pp_keyinstanceExtractor/_lyngs_merge@1.0.9_.json

[Processing package folder] prototype-pollution/madlib-object-utils_0.1.6
[Saved] JSON_pp_keyinstanceExtractor/madlib-object-utils@0.1.6_CVE-2020-7701.json

[Processing package folder] prototype-pollution/mathjs_7.4.0
[Saved] JSON_pp_keyinstanceExtractor/mathjs@7.4.0_CVE-2020-7743.json

[Processing package folder] prototype-pollution/merge-change_1.0.1
[Saved] JSON_pp_keyinstanceExtractor/merge-change@1.0.1_CVE-2021-23421.json

[Processing package folder] prototype-pollution/merge-deep2_3.0.5
[Saved] JSON_pp_keyinstanceExtractor/merge-deep2@3.0.5_CVE-2021-23700.json

[Processing package folder] prototype-pollution/merge-deep_3.0.0
[Saved] JSON_pp_keyinstanceExtractor/merge-deep@3.0.0_CVE-2021-26707.json

[Processing package folder] prototype-pollution/merge-objects_1.0.3
[Saved] JSON_pp_keyinstanceExtractor/merge-objects@1.0.3_CVE-2018-3753.json

[Processing package folder] prototype-pollution/merge-options_1.0.0
[Saved] JSON_pp_keyinstanceExtractor/merge-options@1.0.0_CVE-2018-3752.json

[Processing package folder] prototype-pollution/merge-recursive_0.0.3
[Saved] JSON_pp_keyinstanceExtractor/merge-recursive@0.0.3_CVE-2018-3751.json

[Processing package folder] prototype-pollution/merge_2.1.0
[Saved] JSON_pp_keyinstanceExtractor/merge@2.1.0_CVE-2020-28499.json

[Processing package folder] prototype-pollution/mergify_1.0.2
[Saved] JSON_pp_keyinstanceExtractor/mergify@1.0.2_.json

[Processing package folder] prototype-pollution/minimist_1.0.0
[⚠️  extractKeyInstances 실패] prototype-pollution/minimist_1.0.0/minimist.test.js
No required modules found in the file
[Saved] JSON_pp_keyinstanceExtractor/minimist@1.0.0_CVE-2020-7598.json

[Processing package folder] prototype-pollution/mithril_1.0.0
[Saved] JSON_pp_keyinstanceExtractor/mithril@1.0.0_.json

[Processing package folder] prototype-pollution/mixin-deep_1.3.0
[Saved] JSON_pp_keyinstanceExtractor/mixin-deep@1.3.0_CVE-2018-3719.json

[Processing package folder] prototype-pollution/mixin-deep_2.0.0
[Saved] JSON_pp_keyinstanceExtractor/mixin-deep@2.0.0_CVE-2019-10746.json

[Processing package folder] prototype-pollution/mootools_1.5.2
[⚠️  extractKeyInstances 실패] prototype-pollution/mootools_1.5.2/mootools.test.js
No required modules found in the file
[Saved] JSON_pp_keyinstanceExtractor/mootools@1.5.2_CVE-2021-23432.json

[Processing package folder] prototype-pollution/mout_1.0.0
[Saved] JSON_pp_keyinstanceExtractor/mout@1.0.0_CVE-2020-7792.json

[Processing package folder] prototype-pollution/mpath_0.4.1
[Saved] JSON_pp_keyinstanceExtractor/mpath@0.4.1_CVE-2021-23438.json

[Processing package folder] prototype-pollution/mquery_3.2.1
[Saved] JSON_pp_keyinstanceExtractor/mquery@3.2.1_.json

[Processing package folder] prototype-pollution/multi-ini_2.1.0
[Saved] JSON_pp_keyinstanceExtractor/multi-ini@2.1.0_CVE-2020-28448.json

[Processing package folder] prototype-pollution/nconf-toml_0.0.1
[Saved] JSON_pp_keyinstanceExtractor/nconf-toml@0.0.1_CVE-2021-25946.json

[Processing package folder] prototype-pollution/nedb_1.8.0
[keyInstance] [❌] 함수 호출 정보가 충분하지 않음
[Saved] JSON_pp_keyinstanceExtractor/nedb@1.8.0_CVE-2021-23395.json

[Processing package folder] prototype-pollution/nested-object-assign_1.0.3
[Saved] JSON_pp_keyinstanceExtractor/nested-object-assign@1.0.3_CVE-2021-23329.json

[Processing package folder] prototype-pollution/nested-property_0.0.5
[Saved] JSON_pp_keyinstanceExtractor/nested-property@0.0.5_.json

[Processing package folder] prototype-pollution/nestie_1.0.0
[Saved] JSON_pp_keyinstanceExtractor/nestie@1.0.0_.json

[Processing package folder] prototype-pollution/nis-utils_0.6.10
[Saved] JSON_pp_keyinstanceExtractor/nis-utils@0.6.10_CVE-2020-7703.json

[Processing package folder] prototype-pollution/node-dig_1.0.1
[Saved] JSON_pp_keyinstanceExtractor/node-dig@1.0.1_.json

[Processing package folder] prototype-pollution/node-extend_1.0.0
[Saved] JSON_pp_keyinstanceExtractor/node.extend@1.0.0_CVE-2018-16491.json

[Processing package folder] prototype-pollution/node-forge_0.9.0
[Saved] JSON_pp_keyinstanceExtractor/node-forge@0.9.0_CVE-2020-7720.json

[Processing package folder] prototype-pollution/node-ini_1.0.0
[Saved] JSON_pp_keyinstanceExtractor/node-ini@1.0.0_.json

[Processing package folder] prototype-pollution/node-oojs_1.4.0
[⚠️  extractKeyInstances 실패] prototype-pollution/node-oojs_1.4.0/node-oojs.test.js
No required modules found in the file
[Saved] JSON_pp_keyinstanceExtractor/node-oojs@1.4.0_CVE-2020-7721.json

[Processing package folder] prototype-pollution/nodee-utils_1.2.2
[Saved] JSON_pp_keyinstanceExtractor/nodee-utils@1.2.2_CVE-2020-7722.json

[Processing package folder] prototype-pollution/object-collider_1.0.3
[keyInstance] [❌] 함수 호출 정보가 충분하지 않음
[Saved] JSON_pp_keyinstanceExtractor/object-collider@1.0.3_CVE-2021-25914.json

[Processing package folder] prototype-pollution/object-path-set_1.0.0
[Saved] JSON_pp_keyinstanceExtractor/object-path-set@1.0.0_CVE-2020-15256.json

[Processing package folder] prototype-pollution/object-path_0.11.0
[Saved] JSON_pp_keyinstanceExtractor/object-path@0.11.4_CVE-2020-15256.json

[Processing package folder] prototype-pollution/object-path_0.11.4
[Saved] JSON_pp_keyinstanceExtractor/object-path@0.11.4_CVE-2021-23434.json

[Processing package folder] prototype-pollution/objection_2.0.0
[Saved] JSON_pp_keyinstanceExtractor/objection@2.0.0_CVE-2021-3766.json

[Processing package folder] prototype-pollution/objnest_5.0.0
[Saved] JSON_pp_keyinstanceExtractor/objnest@5.0.0_.json

[Processing package folder] prototype-pollution/objtools_3.0.0
[Saved] JSON_pp_keyinstanceExtractor/objtools@3.0.0_.json

[Processing package folder] prototype-pollution/objutil_2.17.3
[Saved] JSON_pp_keyinstanceExtractor/objutil@2.17.3_.json

[Processing package folder] prototype-pollution/patchmerge_1.0.1
[Saved] JSON_pp_keyinstanceExtractor/patchmerge@1.0.1_CVE-2021-25916.json

[Processing package folder] prototype-pollution/pathval_1.1.0
[Saved] JSON_pp_keyinstanceExtractor/pathval@1.1.0_CVE-2020-7751.json

[Processing package folder] prototype-pollution/paypal-adaptive_0.4.1
[keyInstance] [❌] 함수 호출 정보가 충분하지 않음
[Saved] JSON_pp_keyinstanceExtractor/paypal-adaptive@0.4.1_CVE-2020-7643.json

[Processing package folder] prototype-pollution/phpjs_1.3.2
[Saved] JSON_pp_keyinstanceExtractor/phpjs@1.3.2_CVE-2020-7700.json

[Processing package folder] prototype-pollution/plain-object-merge_1.0.1
[Saved] JSON_pp_keyinstanceExtractor/plain-object-merge@1.0.1_.json

[Processing package folder] prototype-pollution/predefine_0.1.2
[Saved] JSON_pp_keyinstanceExtractor/predefine@0.1.2_CVE-2020-28280.json

[Processing package folder] prototype-pollution/promisehelpers_0.0.5
[Saved] JSON_pp_keyinstanceExtractor/promisehelpers@0.0.5_CVE-2020-7723.json

[Processing package folder] prototype-pollution/properties-reader_2.0.0
[Saved] JSON_pp_keyinstanceExtractor/properties-reader@2.0.0_CVE-2020-28471.json

[Processing package folder] prototype-pollution/property-expr_2.0.2
[Saved] JSON_pp_keyinstanceExtractor/property-expr@2.0.2_CVE-2020-7707.json

[Processing package folder] prototype-pollution/prototyped.js_2.0.0
[Saved] JSON_pp_keyinstanceExtractor/prototyped.js@2.0.0_.json

[Processing package folder] prototype-pollution/putil-merge_3.0.0
[Saved] JSON_pp_keyinstanceExtractor/putil-merge@3.0.0_ CVE-2021-25953.json

[Processing package folder] prototype-pollution/querymen_2.1.3
[Saved] JSON_pp_keyinstanceExtractor/querymen@2.1.3_CVE-2020-7600.json

[Processing package folder] prototype-pollution/rdf-graph-array_0.3.0
[keyInstance] [❌] 함수 호출 정보가 충분하지 않음
[Saved] JSON_pp_keyinstanceExtractor/rdf-graph-array@0.3.0_CVE-2019-10798.json

[Processing package folder] prototype-pollution/record-like-deep-assign_1.0.1
[Saved] JSON_pp_keyinstanceExtractor/record-like-deep-assign@1.0.1_CVE-2021-23402.json

[Processing package folder] prototype-pollution/rfc6902_4.0.2
[Saved] JSON_pp_keyinstanceExtractor/rfc6902@4.0.2_.json

[Processing package folder] prototype-pollution/safe-flat_2.0.0
[Saved] JSON_pp_keyinstanceExtractor/safe-flat@2.0.0_CVE-2021-25927.json

[Processing package folder] prototype-pollution/safe-obj_1.0.0
[Saved] JSON_pp_keyinstanceExtractor/safe-obj@1.0.0_CVE-2021-25928.json

[Processing package folder] prototype-pollution/safe-object2_1.0.3
[Saved] JSON_pp_keyinstanceExtractor/safe-object2@1.0.3_CVE-2020-7726.json

[Processing package folder] prototype-pollution/safetydance_2.0.1
[Saved] JSON_pp_keyinstanceExtractor/safetydance@2.0.1_CVE-2020-7737.json

[Processing package folder] prototype-pollution/sahmat_1.0.0
[Saved] JSON_pp_keyinstanceExtractor/sahmat@1.0.0_.json

[Processing package folder] prototype-pollution/sds_3.2.0
[Saved] JSON_pp_keyinstanceExtractor/sds@3.2.0_CVE-2020-7618.json

[Processing package folder] prototype-pollution/set-deep-prop_1.0.0
[Saved] JSON_pp_keyinstanceExtractor/set-deep-prop@1.0.0_CVE-2021-23373.json

[Processing package folder] prototype-pollution/set-getter_0.1.0
[Saved] JSON_pp_keyinstanceExtractor/set-getter@0.1.0_CVE-2021-25949.json

[Processing package folder] prototype-pollution/set-in_1.0.0
[Saved] JSON_pp_keyinstanceExtractor/set-in@1.0.0_CVE-2020-28273.json

[Processing package folder] prototype-pollution/set-object-value_0.0.5
[Saved] JSON_pp_keyinstanceExtractor/set-object-value@0.0.5_CVE-2020-28281.json

[Processing package folder] prototype-pollution/set-or-get_1.2.10
[Saved] JSON_pp_keyinstanceExtractor/set-or-get@1.2.10_CVE-2021-25913.json

[Processing package folder] prototype-pollution/set-value_3.0.0
[Saved] JSON_pp_keyinstanceExtractor/set-value@3.0.0_CVE-2021-23440.json

[Processing package folder] prototype-pollution/shvl_2.0.1
[Saved] JSON_pp_keyinstanceExtractor/shvl@2.0.1_.json

[Processing package folder] prototype-pollution/simpl-schema_1.10.0
[Saved] JSON_pp_keyinstanceExtractor/simpl-schema@1.10.0_CVE-2020-7742.json

[Processing package folder] prototype-pollution/smart-extend_1.7.3
[Saved] JSON_pp_keyinstanceExtractor/smart-extend@1.7.3_.json

[Processing package folder] prototype-pollution/strikeentco-set_1.0.0
[Saved] JSON_pp_keyinstanceExtractor/_strikeentco_set@1.0.0_CVE-2020-28267.json

[Processing package folder] prototype-pollution/style-dictionary_2.10.2
[Saved] JSON_pp_keyinstanceExtractor/style-dictionary@2.10.2_.json

[Processing package folder] prototype-pollution/supermixer_1.0.3
[Saved] JSON_pp_keyinstanceExtractor/supermixer@1.0.3_CVE-2020-24939.json

[Processing package folder] prototype-pollution/swiper_6.5.0
[Saved] JSON_pp_keyinstanceExtractor/swiper@6.5.0_CVE-2021-23370.json

[Processing package folder] prototype-pollution/think-config_1.0.0
[keyInstance] [❌] 함수 호출 정보가 충분하지 않음
[Saved] JSON_pp_keyinstanceExtractor/think-config@1.0.0_.json

[Processing package folder] prototype-pollution/think-helper_1.1.0
[Saved] JSON_pp_keyinstanceExtractor/think-helper@1.1.0_CVE-2021-32736.json

[Processing package folder] prototype-pollution/tiny-conf_1.1.0
[Saved] JSON_pp_keyinstanceExtractor/tiny-conf@1.1.0_CVE-2020-7724.json

[Processing package folder] prototype-pollution/total.js_3.4.6
[keyInstance] [❌] 함수 호출 정보가 충분하지 않음
[Saved] JSON_pp_keyinstanceExtractor/total.js@3.4.6_CVE-2020-28495.json

[Processing package folder] prototype-pollution/tree-kit_0.6.1
[Saved] JSON_pp_keyinstanceExtractor/tree-kit@0.6.1_CVE-2021-4278.json

[Processing package folder] prototype-pollution/ts-dot-prop_1.4.0
[Saved] JSON_pp_keyinstanceExtractor/ts-dot-prop@1.4.0_.json

[Processing package folder] prototype-pollution/tsed-core_5.62.3
[Saved] JSON_pp_keyinstanceExtractor/_tsed_core@5.62.3_CVE-2020-7748.json

[Processing package folder] prototype-pollution/typeorm_0.2.24
[keyInstance] [❌] 함수 호출 정보가 충분하지 않음
[Saved] JSON_pp_keyinstanceExtractor/typeorm@0.2.24_CVE-2020-8158.json

[Processing package folder] prototype-pollution/uifabric-utilities_7.20.2
[Saved] JSON_pp_keyinstanceExtractor/_uifabric_utilities@7.20.2_.json

[Processing package folder] prototype-pollution/undefsafe_2.0.2
[Saved] JSON_pp_keyinstanceExtractor/undefsafe@2.0.2_CVE-2019-10795.json

[Processing package folder] prototype-pollution/upmerge_0.1.7
[Saved] JSON_pp_keyinstanceExtractor/upmerge@0.1.7_.json

[Processing package folder] prototype-pollution/utilitify_1.0.2
[Saved] JSON_pp_keyinstanceExtractor/utilitify@1.0.2_CVE-2019-10808.json

[Processing package folder] prototype-pollution/utils-extend_1.0.8
[Saved] JSON_pp_keyinstanceExtractor/utils-extend@1.0.8_CVE-2020-8147.json

[Processing package folder] prototype-pollution/vega-util_1.13.0
[Saved] JSON_pp_keyinstanceExtractor/vega-util@1.13.0_CVE-2019-10806.json

[Processing package folder] prototype-pollution/viking04-merge_1.0.0
[Saved] JSON_pp_keyinstanceExtractor/_viking04_merge@1.0.0_CVE-2021-3645.json

[Processing package folder] prototype-pollution/worksmith_1.0.0
[Saved] JSON_pp_keyinstanceExtractor/worksmith@1.0.0_CVE-2020-7725.json

[Processing package folder] prototype-pollution/x-assign_0.1.4
[Saved] JSON_pp_keyinstanceExtractor/x-assign@0.1.4_CVE-2021-23452.json

[Processing package folder] prototype-pollution/y18n_3.2.1
[Saved] JSON_pp_keyinstanceExtractor/y18n@3.2.1_CVE-2020-7774.json

[Processing package folder] prototype-pollution/yargs-parser_6.0.0
[Saved] JSON_pp_keyinstanceExtractor/yargs-parser@6.0.0_CVE-2020-7608.json

✅ 모든 패키지 처리 완료